2024-05-16 17:25:41 [scrapy.utils.log] INFO: Scrapy 2.11.2 started (bot: imdbscraper)
2024-05-16 17:25:41 [scrapy.utils.log] INFO: Versions: lxml 5.2.2.0, libxml2 2.12.6, cssselect 1.2.0, parsel 1.9.1, w3lib 2.1.2, Twisted 24.3.0, Python 3.8.16 (default, Mar 19 2023, 14:19:06) - [GCC 11.3.0], pyOpenSSL 24.1.0 (OpenSSL 3.2.1 30 Jan 2024), cryptography 42.0.7, Platform Linux-6.5.0-28-generic-x86_64-with-glibc2.34
2024-05-16 17:25:41 [scrapy.addons] INFO: Enabled addons:
[]
2024-05-16 17:25:41 [asyncio] DEBUG: Using selector: EpollSelector
2024-05-16 17:25:41 [scrapy.utils.log] DEBUG: Using reactor: twisted.internet.asyncioreactor.AsyncioSelectorReactor
2024-05-16 17:25:41 [scrapy.utils.log] DEBUG: Using asyncio event loop: asyncio.unix_events._UnixSelectorEventLoop
2024-05-16 17:25:41 [scrapy.extensions.telnet] INFO: Telnet Password: 0054d51c4c36ae71
2024-05-16 17:25:41 [scrapy.middleware] INFO: Enabled extensions:
['scrapy.extensions.corestats.CoreStats',
 'scrapy.extensions.telnet.TelnetConsole',
 'scrapy.extensions.memusage.MemoryUsage',
 'scrapy.extensions.feedexport.FeedExporter',
 'scrapy.extensions.logstats.LogStats']
2024-05-16 17:25:41 [scrapy.crawler] INFO: Overridden settings:
{'BOT_NAME': 'imdbscraper',
 'CONCURRENT_REQUESTS': 5,
 'CONCURRENT_REQUESTS_PER_DOMAIN': 2,
 'FEED_EXPORT_ENCODING': 'utf-8',
 'LOG_FILE': 'scrapy.log',
 'NEWSPIDER_MODULE': 'imdbscraper.spiders',
 'REQUEST_FINGERPRINTER_IMPLEMENTATION': '2.7',
 'ROBOTSTXT_OBEY': True,
 'SPIDER_MODULES': ['imdbscraper.spiders'],
 'TWISTED_REACTOR': 'twisted.internet.asyncioreactor.AsyncioSelectorReactor',
 'USER_AGENT': 'Mozilla/5.0 (X11; Linux x86_64) AppleWebKit/537.36 (KHTML, '
               'like Gecko) Chrome/119.0.0.0 Safari/537.36'}
2024-05-16 17:25:41 [scrapy.middleware] INFO: Enabled downloader middlewares:
['scrapy.downloadermiddlewares.offsite.OffsiteMiddleware',
 'scrapy.downloadermiddlewares.robotstxt.RobotsTxtMiddleware',
 'scrapy.downloadermiddlewares.httpauth.HttpAuthMiddleware',
 'scrapy.downloadermiddlewares.downloadtimeout.DownloadTimeoutMiddleware',
 'scrapy.downloadermiddlewares.defaultheaders.DefaultHeadersMiddleware',
 'scrapy.downloadermiddlewares.useragent.UserAgentMiddleware',
 'scrapy.downloadermiddlewares.retry.RetryMiddleware',
 'scrapy.downloadermiddlewares.redirect.MetaRefreshMiddleware',
 'scrapy.downloadermiddlewares.httpcompression.HttpCompressionMiddleware',
 'scrapy.downloadermiddlewares.redirect.RedirectMiddleware',
 'scrapy.downloadermiddlewares.cookies.CookiesMiddleware',
 'scrapy.downloadermiddlewares.httpproxy.HttpProxyMiddleware',
 'scrapy.downloadermiddlewares.stats.DownloaderStats']
2024-05-16 17:25:41 [scrapy.middleware] INFO: Enabled spider middlewares:
['scrapy.spidermiddlewares.httperror.HttpErrorMiddleware',
 'scrapy.spidermiddlewares.referer.RefererMiddleware',
 'scrapy.spidermiddlewares.urllength.UrlLengthMiddleware',
 'scrapy.spidermiddlewares.depth.DepthMiddleware']
2024-05-16 17:25:41 [scrapy.middleware] INFO: Enabled item pipelines:
[]
2024-05-16 17:25:41 [scrapy.core.engine] INFO: Spider opened
2024-05-16 17:25:41 [scrapy.extensions.logstats] INFO: Crawled 0 pages (at 0 pages/min), scraped 0 items (at 0 items/min)
2024-05-16 17:25:41 [scrapy.extensions.telnet] INFO: Telnet console listening on 127.0.0.1:6023
2024-05-16 17:25:41 [scrapy.core.engine] DEBUG: Crawled (200) <GET https://www.imdb.com/robots.txt> (referer: None)
2024-05-16 17:25:44 [scrapy.core.engine] DEBUG: Crawled (200) <GET https://www.imdb.com/chart/top/> (referer: None)
2024-05-16 17:25:47 [scrapy.core.engine] DEBUG: Crawled (200) <GET https://www.imdb.com/title/tt0111161/?ref_=chttp_t_1> (referer: https://www.imdb.com/chart/top/)
2024-05-16 17:25:47 [scrapy.core.scraper] DEBUG: Scraped from <200 https://www.imdb.com/title/tt0111161/?ref_=chttp_t_1>
{'Movie name': 'The Shawshank Redemption', 'Release date': '1994', 'Director': 'Frank Darabont', 'casts': ['Bob Gunton', 'Morgan Freeman', 'Tim Robbins']}
2024-05-16 17:25:47 [scrapy.core.engine] DEBUG: Crawled (200) <GET https://www.imdb.com/title/tt0099685/?ref_=chttp_t_17> (referer: https://www.imdb.com/chart/top/)
2024-05-16 17:25:47 [scrapy.core.scraper] DEBUG: Scraped from <200 https://www.imdb.com/title/tt0099685/?ref_=chttp_t_17>
{'Movie name': 'Goodfellas', 'Release date': '1990', 'Director': 'Martin Scorsese', 'casts': ['Nicholas Pileggi', 'Robert De Niro', 'Ray Liotta', 'Martin Scorsese', 'Joe Pesci']}
2024-05-16 17:25:49 [scrapy.core.engine] DEBUG: Crawled (200) <GET https://www.imdb.com/title/tt0080684/?ref_=chttp_t_15> (referer: https://www.imdb.com/chart/top/)
2024-05-16 17:25:50 [scrapy.core.scraper] DEBUG: Scraped from <200 https://www.imdb.com/title/tt0080684/?ref_=chttp_t_15>
{'Movie name': 'Star Wars: Episode V - The Empire Strikes Back', 'Release date': '1980', 'Director': 'Irvin Kershner', 'casts': ['Harrison Ford', 'Carrie Fisher', 'Mark Hamill']}
2024-05-16 17:25:50 [scrapy.core.engine] DEBUG: Crawled (200) <GET https://www.imdb.com/title/tt0133093/?ref_=chttp_t_16> (referer: https://www.imdb.com/chart/top/)
2024-05-16 17:25:50 [scrapy.core.scraper] DEBUG: Scraped from <200 https://www.imdb.com/title/tt0133093/?ref_=chttp_t_16>
{'Movie name': 'The Matrix', 'Release date': '1999', 'Director': 'Lana Wachowski', 'casts': ['Laurence Fishburne', 'Keanu Reeves', 'Carrie-Anne Moss']}
2024-05-16 17:25:53 [scrapy.core.engine] DEBUG: Crawled (200) <GET https://www.imdb.com/title/tt0027977/?ref_=chttp_t_50> (referer: https://www.imdb.com/chart/top/)
2024-05-16 17:25:53 [scrapy.core.scraper] DEBUG: Scraped from <200 https://www.imdb.com/title/tt0027977/?ref_=chttp_t_50>
{'Movie name': 'Modern Times', 'Release date': '1936', 'Director': 'Charles Chaplin', 'casts': ['Paulette Goddard', 'Charles Chaplin', 'Henry Bergman']}
2024-05-16 17:25:53 [scrapy.core.engine] DEBUG: Crawled (200) <GET https://www.imdb.com/title/tt1375666/?ref_=chttp_t_14> (referer: https://www.imdb.com/chart/top/)
2024-05-16 17:25:53 [scrapy.core.scraper] DEBUG: Scraped from <200 https://www.imdb.com/title/tt1375666/?ref_=chttp_t_14>
{'Movie name': 'Inception', 'Release date': '2010', 'Director': 'Christopher Nolan', 'casts': ['Leonardo DiCaprio', 'Joseph Gordon-Levitt', 'Elliot Page']}
2024-05-16 17:25:57 [scrapy.core.engine] DEBUG: Crawled (200) <GET https://www.imdb.com/title/tt0095765/?ref_=chttp_t_49> (referer: https://www.imdb.com/chart/top/)
2024-05-16 17:25:57 [scrapy.core.engine] DEBUG: Crawled (200) <GET https://www.imdb.com/title/tt1675434/?ref_=chttp_t_48> (referer: https://www.imdb.com/chart/top/)
2024-05-16 17:25:57 [scrapy.core.scraper] DEBUG: Scraped from <200 https://www.imdb.com/title/tt0095765/?ref_=chttp_t_49>
{'Movie name': 'Cinema Paradiso', 'Release date': '1988', 'Director': 'Giuseppe Tornatore', 'casts': ['Enzo Cannavale', 'Antonella Attili', 'Giuseppe Tornatore', 'Vanna Paoli', 'Philippe Noiret']}
2024-05-16 17:25:57 [scrapy.core.scraper] DEBUG: Scraped from <200 https://www.imdb.com/title/tt1675434/?ref_=chttp_t_48>
{'Movie name': 'The Intouchables', 'Release date': '2011', 'Director': 'Olivier Nakache', 'casts': ['Omar Sy', 'Anne Le Ny', 'François Cluzet']}
2024-05-16 17:25:59 [scrapy.core.engine] DEBUG: Crawled (200) <GET https://www.imdb.com/title/tt0034583/?ref_=chttp_t_47> (referer: https://www.imdb.com/chart/top/)
2024-05-16 17:25:59 [scrapy.core.scraper] DEBUG: Scraped from <200 https://www.imdb.com/title/tt0034583/?ref_=chttp_t_47>
{'Movie name': 'Casablanca', 'Release date': '1942', 'Director': 'Michael Curtiz', 'casts': ['Julius J. Epstein', 'Howard Koch', 'Humphrey Bogart', 'Paul Henreid', 'Ingrid Bergman', 'Philip G. Epstein']}
2024-05-16 17:26:01 [scrapy.core.engine] DEBUG: Crawled (200) <GET https://www.imdb.com/title/tt0114814/?ref_=chttp_t_46> (referer: https://www.imdb.com/chart/top/)
2024-05-16 17:26:01 [scrapy.core.scraper] DEBUG: Scraped from <200 https://www.imdb.com/title/tt0114814/?ref_=chttp_t_46>
{'Movie name': 'The Usual Suspects', 'Release date': '1995', 'Director': 'Bryan Singer', 'casts': ['Kevin Spacey', 'Gabriel Byrne', 'Chazz Palminteri']}
2024-05-16 17:26:01 [scrapy.core.engine] DEBUG: Crawled (200) <GET https://www.imdb.com/title/tt0056058/?ref_=chttp_t_45> (referer: https://www.imdb.com/chart/top/)
2024-05-16 17:26:01 [scrapy.core.scraper] DEBUG: Scraped from <200 https://www.imdb.com/title/tt0056058/?ref_=chttp_t_45>
{'Movie name': 'Harakiri', 'Release date': '1962', 'Director': 'Masaki Kobayashi', 'casts': ['Shima Iwashita', 'Akira Ishihama', 'Tatsuya Nakadai']}
2024-05-16 17:26:03 [scrapy.core.engine] DEBUG: Crawled (200) <GET https://www.imdb.com/title/tt0482571/?ref_=chttp_t_43> (referer: https://www.imdb.com/chart/top/)
2024-05-16 17:26:03 [scrapy.core.scraper] DEBUG: Scraped from <200 https://www.imdb.com/title/tt0482571/?ref_=chttp_t_43>
{'Movie name': 'The Prestige', 'Release date': '2006', 'Director': 'Christopher Nolan', 'casts': ['Scarlett Johansson', 'Hugh Jackman', 'Christian Bale']}
2024-05-16 17:26:04 [scrapy.core.engine] DEBUG: Crawled (200) <GET https://www.imdb.com/title/tt0095327/?ref_=chttp_t_44> (referer: https://www.imdb.com/chart/top/)
2024-05-16 17:26:04 [scrapy.core.scraper] DEBUG: Scraped from <200 https://www.imdb.com/title/tt0095327/?ref_=chttp_t_44>
{'Movie name': 'Grave of the Fireflies', 'Release date': '1988', 'Director': 'Isao Takahata', 'casts': ['Akemi Yamaguchi', 'Tsutomu Tatsumi', 'Ayano Shiraishi']}
2024-05-16 17:26:05 [scrapy.core.engine] DEBUG: Crawled (200) <GET https://www.imdb.com/title/tt2582802/?ref_=chttp_t_42> (referer: https://www.imdb.com/chart/top/)
2024-05-16 17:26:06 [scrapy.core.scraper] DEBUG: Scraped from <200 https://www.imdb.com/title/tt2582802/?ref_=chttp_t_42>
{'Movie name': 'Whiplash', 'Release date': '2014', 'Director': 'Damien Chazelle', 'casts': ['Miles Teller', 'J.K. Simmons', 'Melissa Benoist']}
2024-05-16 17:26:06 [scrapy.core.engine] DEBUG: Crawled (200) <GET https://www.imdb.com/title/tt0120586/?ref_=chttp_t_41> (referer: https://www.imdb.com/chart/top/)
2024-05-16 17:26:06 [scrapy.core.scraper] DEBUG: Scraped from <200 https://www.imdb.com/title/tt0120586/?ref_=chttp_t_41>
{'Movie name': 'American History X', 'Release date': '1998', 'Director': 'Tony Kaye', 'casts': ['Edward Furlong', 'Edward Norton', "Beverly D'Angelo"]}
2024-05-16 17:26:08 [scrapy.core.engine] DEBUG: Crawled (200) <GET https://www.imdb.com/title/tt0407887/?ref_=chttp_t_39> (referer: https://www.imdb.com/chart/top/)
2024-05-16 17:26:08 [scrapy.core.scraper] DEBUG: Scraped from <200 https://www.imdb.com/title/tt0407887/?ref_=chttp_t_39>
{'Movie name': 'The Departed', 'Release date': '2006', 'Director': 'Martin Scorsese', 'casts': ['Leonardo DiCaprio', 'Jack Nicholson', 'Matt Damon']}
2024-05-16 17:26:08 [scrapy.core.engine] DEBUG: Crawled (200) <GET https://www.imdb.com/title/tt0110413/?ref_=chttp_t_40> (referer: https://www.imdb.com/chart/top/)
2024-05-16 17:26:08 [scrapy.core.scraper] DEBUG: Scraped from <200 https://www.imdb.com/title/tt0110413/?ref_=chttp_t_40>
{'Movie name': 'Léon: The Professional', 'Release date': '1994', 'Director': 'Luc Besson', 'casts': ['Gary Oldman', 'Jean Reno', 'Natalie Portman']}
2024-05-16 17:26:11 [scrapy.core.engine] DEBUG: Crawled (200) <GET https://www.imdb.com/title/tt0172495/?ref_=chttp_t_37> (referer: https://www.imdb.com/chart/top/)
2024-05-16 17:26:11 [scrapy.core.scraper] DEBUG: Scraped from <200 https://www.imdb.com/title/tt0172495/?ref_=chttp_t_37>
{'Movie name': 'Gladiator', 'Release date': '2000', 'Director': 'Ridley Scott', 'casts': ['William Nicholson', 'Joaquin Phoenix', 'David Franzoni', 'Russell Crowe', 'Connie Nielsen', 'John Logan']}
2024-05-16 17:26:12 [scrapy.core.engine] DEBUG: Crawled (200) <GET https://www.imdb.com/title/tt0110357/?ref_=chttp_t_38> (referer: https://www.imdb.com/chart/top/)
2024-05-16 17:26:13 [scrapy.core.scraper] DEBUG: Scraped from <200 https://www.imdb.com/title/tt0110357/?ref_=chttp_t_38>
{'Movie name': 'The Lion King', 'Release date': '1994', 'Director': 'Roger Allers', 'casts': ['Irene Mecchi', 'Linda Woolverton', 'Jonathan Roberts', 'Jeremy Irons', 'James Earl Jones', 'Matthew Broderick']}
2024-05-16 17:26:13 [scrapy.core.engine] DEBUG: Crawled (200) <GET https://www.imdb.com/title/tt9362722/?ref_=chttp_t_36> (referer: https://www.imdb.com/chart/top/)
2024-05-16 17:26:13 [scrapy.core.scraper] DEBUG: Scraped from <200 https://www.imdb.com/title/tt9362722/?ref_=chttp_t_36>
{'Movie name': 'Spider-Man: Across the Spider-Verse', 'Release date': '2023', 'Director': 'Joaquim Dos Santos', 'casts': ['Shameik Moore', 'Brian Tyree Henry', 'Hailee Steinfeld']}
2024-05-16 17:26:16 [scrapy.core.engine] DEBUG: Crawled (200) <GET https://www.imdb.com/title/tt6751668/?ref_=chttp_t_34> (referer: https://www.imdb.com/chart/top/)
2024-05-16 17:26:16 [scrapy.core.engine] DEBUG: Crawled (200) <GET https://www.imdb.com/title/tt0054215/?ref_=chttp_t_35> (referer: https://www.imdb.com/chart/top/)
2024-05-16 17:26:16 [scrapy.core.scraper] DEBUG: Scraped from <200 https://www.imdb.com/title/tt6751668/?ref_=chttp_t_34>
{'Movie name': 'Parasite', 'Release date': '2019', 'Director': 'Bong Joon Ho', 'casts': ['Song Kang-ho', 'Cho Yeo-jeong', 'Bong Joon Ho', 'Han Jin-won', 'Lee Sun-kyun']}
2024-05-16 17:26:16 [scrapy.core.scraper] DEBUG: Scraped from <200 https://www.imdb.com/title/tt0054215/?ref_=chttp_t_35>
{'Movie name': 'Psycho', 'Release date': '1960', 'Director': 'Alfred Hitchcock', 'casts': ['Janet Leigh', 'Vera Miles', 'Anthony Perkins']}
2024-05-16 17:26:18 [scrapy.core.engine] DEBUG: Crawled (200) <GET https://www.imdb.com/title/tt0253474/?ref_=chttp_t_33> (referer: https://www.imdb.com/chart/top/)
2024-05-16 17:26:18 [scrapy.core.scraper] DEBUG: Scraped from <200 https://www.imdb.com/title/tt0253474/?ref_=chttp_t_33>
{'Movie name': 'The Pianist', 'Release date': '2002', 'Director': 'Roman Polanski', 'casts': ['Frank Finlay', 'Thomas Kretschmann', 'Adrien Brody']}
2024-05-16 17:26:18 [scrapy.core.engine] DEBUG: Crawled (200) <GET https://www.imdb.com/title/tt0245429/?ref_=chttp_t_32> (referer: https://www.imdb.com/chart/top/)
2024-05-16 17:26:18 [scrapy.core.scraper] DEBUG: Scraped from <200 https://www.imdb.com/title/tt0245429/?ref_=chttp_t_32>
{'Movie name': 'Spirited Away', 'Release date': '2001', 'Director': 'Hayao Miyazaki', 'casts': ['Daveigh Chase', 'Miyu Irino', 'Hayao Miyazaki', 'Suzanne Pleshette']}
2024-05-16 17:26:20 [scrapy.core.engine] DEBUG: Crawled (200) <GET https://www.imdb.com/title/tt0088763/?ref_=chttp_t_31> (referer: https://www.imdb.com/chart/top/)
2024-05-16 17:26:20 [scrapy.core.scraper] DEBUG: Scraped from <200 https://www.imdb.com/title/tt0088763/?ref_=chttp_t_31>
{'Movie name': 'Back to the Future', 'Release date': '1985', 'Director': 'Robert Zemeckis', 'casts': ['Michael J. Fox', 'Christopher Lloyd', 'Lea Thompson']}
2024-05-16 17:26:21 [scrapy.core.engine] DEBUG: Crawled (200) <GET https://www.imdb.com/title/tt0076759/?ref_=chttp_t_30> (referer: https://www.imdb.com/chart/top/)
2024-05-16 17:26:21 [scrapy.core.scraper] DEBUG: Scraped from <200 https://www.imdb.com/title/tt0076759/?ref_=chttp_t_30>
{'Movie name': 'Star Wars: Episode IV - A New Hope', 'Release date': '1977', 'Director': 'George Lucas', 'casts': ['Harrison Ford', 'Carrie Fisher', 'Mark Hamill']}
2024-05-16 17:26:22 [scrapy.core.engine] DEBUG: Crawled (200) <GET https://www.imdb.com/title/tt0103064/?ref_=chttp_t_29> (referer: https://www.imdb.com/chart/top/)
2024-05-16 17:26:22 [scrapy.core.scraper] DEBUG: Scraped from <200 https://www.imdb.com/title/tt0103064/?ref_=chttp_t_29>
{'Movie name': 'Terminator 2: Judgment Day', 'Release date': '1991', 'Director': 'James Cameron', 'casts': ['Edward Furlong', 'Linda Hamilton', 'Arnold Schwarzenegger']}
2024-05-16 17:26:23 [scrapy.core.engine] DEBUG: Crawled (200) <GET https://www.imdb.com/title/tt0120689/?ref_=chttp_t_28> (referer: https://www.imdb.com/chart/top/)
2024-05-16 17:26:23 [scrapy.core.scraper] DEBUG: Scraped from <200 https://www.imdb.com/title/tt0120689/?ref_=chttp_t_28>
{'Movie name': 'The Green Mile', 'Release date': '1999', 'Director': 'Frank Darabont', 'casts': ['David Morse', 'Tom Hanks', 'Michael Clarke Duncan']}
2024-05-16 17:26:24 [scrapy.core.engine] DEBUG: Crawled (200) <GET https://www.imdb.com/title/tt0118799/?ref_=chttp_t_27> (referer: https://www.imdb.com/chart/top/)
2024-05-16 17:26:24 [scrapy.core.scraper] DEBUG: Scraped from <200 https://www.imdb.com/title/tt0118799/?ref_=chttp_t_27>
{'Movie name': 'Life Is Beautiful', 'Release date': '1997', 'Director': 'Roberto Benigni', 'casts': ['Vincenzo Cerami', 'Nicoletta Braschi', 'Giorgio Cantarini', 'Roberto Benigni']}
2024-05-16 17:26:24 [scrapy.core.engine] DEBUG: Crawled (200) <GET https://www.imdb.com/title/tt15239678/?ref_=chttp_t_26> (referer: https://www.imdb.com/chart/top/)
2024-05-16 17:26:24 [scrapy.core.scraper] DEBUG: Scraped from <200 https://www.imdb.com/title/tt15239678/?ref_=chttp_t_26>
{'Movie name': 'Dune: Part Two', 'Release date': '2024', 'Director': 'Denis Villeneuve', 'casts': ['Timothée Chalamet', 'Rebecca Ferguson', 'Zendaya']}
2024-05-16 17:26:26 [scrapy.core.engine] DEBUG: Crawled (200) <GET https://www.imdb.com/title/tt0120815/?ref_=chttp_t_24> (referer: https://www.imdb.com/chart/top/)
2024-05-16 17:26:26 [scrapy.core.scraper] DEBUG: Scraped from <200 https://www.imdb.com/title/tt0120815/?ref_=chttp_t_24>
{'Movie name': 'Saving Private Ryan', 'Release date': '1998', 'Director': 'Steven Spielberg', 'casts': ['Matt Damon', 'Tom Sizemore', 'Tom Hanks']}
2024-05-16 17:26:26 [scrapy.core.engine] DEBUG: Crawled (200) <GET https://www.imdb.com/title/tt0317248/?ref_=chttp_t_25> (referer: https://www.imdb.com/chart/top/)
2024-05-16 17:26:26 [scrapy.core.scraper] DEBUG: Scraped from <200 https://www.imdb.com/title/tt0317248/?ref_=chttp_t_25>
{'Movie name': 'City of God', 'Release date': '2002', 'Director': 'Fernando Meirelles', 'casts': ['Alexandre Rodrigues', 'Leandro Firmino', 'Matheus Nachtergaele']}
2024-05-16 17:26:27 [scrapy.core.engine] DEBUG: Crawled (200) <GET https://www.imdb.com/title/tt0102926/?ref_=chttp_t_23> (referer: https://www.imdb.com/chart/top/)
2024-05-16 17:26:28 [scrapy.core.scraper] DEBUG: Scraped from <200 https://www.imdb.com/title/tt0102926/?ref_=chttp_t_23>
{'Movie name': 'The Silence of the Lambs', 'Release date': '1991', 'Director': 'Jonathan Demme', 'casts': ['Anthony Hopkins', 'Jodie Foster', 'Scott Glenn']}
2024-05-16 17:26:28 [scrapy.core.engine] DEBUG: Crawled (200) <GET https://www.imdb.com/title/tt0047478/?ref_=chttp_t_22> (referer: https://www.imdb.com/chart/top/)
2024-05-16 17:26:28 [scrapy.core.scraper] DEBUG: Scraped from <200 https://www.imdb.com/title/tt0047478/?ref_=chttp_t_22>
{'Movie name': 'Seven Samurai', 'Release date': '1954', 'Director': 'Akira Kurosawa', 'casts': ['Takashi Shimura', 'Toshirô Mifune', 'Keiko Tsushima']}
2024-05-16 17:26:29 [scrapy.core.engine] DEBUG: Crawled (200) <GET https://www.imdb.com/title/tt0038650/?ref_=chttp_t_21> (referer: https://www.imdb.com/chart/top/)
2024-05-16 17:26:29 [scrapy.core.scraper] DEBUG: Scraped from <200 https://www.imdb.com/title/tt0038650/?ref_=chttp_t_21>
{'Movie name': "It's a Wonderful Life", 'Release date': '1946', 'Director': 'Frank Capra', 'casts': ['Donna Reed', 'Frances Goodrich', 'James Stewart', 'Lionel Barrymore', 'Frank Capra', 'Albert Hackett']}
2024-05-16 17:26:31 [scrapy.core.engine] DEBUG: Crawled (200) <GET https://www.imdb.com/title/tt0816692/?ref_=chttp_t_20> (referer: https://www.imdb.com/chart/top/)
2024-05-16 17:26:31 [scrapy.core.scraper] DEBUG: Scraped from <200 https://www.imdb.com/title/tt0816692/?ref_=chttp_t_20>
{'Movie name': 'Interstellar', 'Release date': '2014', 'Director': 'Christopher Nolan', 'casts': ['Jessica Chastain', 'Anne Hathaway', 'Matthew McConaughey']}
2024-05-16 17:26:32 [scrapy.core.engine] DEBUG: Crawled (200) <GET https://www.imdb.com/title/tt0114369/?ref_=chttp_t_19> (referer: https://www.imdb.com/chart/top/)
2024-05-16 17:26:32 [scrapy.core.scraper] DEBUG: Scraped from <200 https://www.imdb.com/title/tt0114369/?ref_=chttp_t_19>
{'Movie name': 'Se7en', 'Release date': '1995', 'Director': 'David Fincher', 'casts': ['Brad Pitt', 'Kevin Spacey', 'Morgan Freeman']}
2024-05-16 17:26:34 [scrapy.core.engine] DEBUG: Crawled (200) <GET https://www.imdb.com/title/tt0137523/?ref_=chttp_t_13> (referer: https://www.imdb.com/chart/top/)
2024-05-16 17:26:34 [scrapy.core.scraper] DEBUG: Scraped from <200 https://www.imdb.com/title/tt0137523/?ref_=chttp_t_13>
{'Movie name': 'Fight Club', 'Release date': '1999', 'Director': 'David Fincher', 'casts': ['Brad Pitt', 'Edward Norton', 'Meat Loaf']}
2024-05-16 17:26:34 [scrapy.core.engine] DEBUG: Crawled (200) <GET https://www.imdb.com/title/tt0073486/?ref_=chttp_t_18> (referer: https://www.imdb.com/chart/top/)
2024-05-16 17:26:34 [scrapy.core.scraper] DEBUG: Scraped from <200 https://www.imdb.com/title/tt0073486/?ref_=chttp_t_18>
{'Movie name': "One Flew Over the Cuckoo's Nest", 'Release date': '1975', 'Director': 'Milos Forman', 'casts': ['Michael Berryman', 'Louise Fletcher', 'Lawrence Hauben', 'Ken Kesey', 'Jack Nicholson', 'Bo Goldman']}
2024-05-16 17:26:36 [scrapy.core.engine] DEBUG: Crawled (200) <GET https://www.imdb.com/title/tt0109830/?ref_=chttp_t_11> (referer: https://www.imdb.com/chart/top/)
2024-05-16 17:26:36 [scrapy.core.scraper] DEBUG: Scraped from <200 https://www.imdb.com/title/tt0109830/?ref_=chttp_t_11>
{'Movie name': 'Forrest Gump', 'Release date': '1994', 'Director': 'Robert Zemeckis', 'casts': ['Robin Wright', 'Gary Sinise', 'Tom Hanks']}
2024-05-16 17:26:37 [scrapy.core.engine] DEBUG: Crawled (200) <GET https://www.imdb.com/title/tt0167261/?ref_=chttp_t_12> (referer: https://www.imdb.com/chart/top/)
2024-05-16 17:26:37 [scrapy.core.scraper] DEBUG: Scraped from <200 https://www.imdb.com/title/tt0167261/?ref_=chttp_t_12>
{'Movie name': 'The Lord of the Rings: The Two Towers', 'Release date': '2002', 'Director': 'Peter Jackson', 'casts': ['Fran Walsh', 'J.R.R. Tolkien', 'Philippa Boyens', 'Ian McKellen', 'Viggo Mortensen', 'Elijah Wood']}
2024-05-16 17:26:40 [scrapy.core.engine] DEBUG: Crawled (200) <GET https://www.imdb.com/title/tt0060196/?ref_=chttp_t_10> (referer: https://www.imdb.com/chart/top/)
2024-05-16 17:26:40 [scrapy.core.engine] DEBUG: Crawled (200) <GET https://www.imdb.com/title/tt0120737/?ref_=chttp_t_9> (referer: https://www.imdb.com/chart/top/)
2024-05-16 17:26:40 [scrapy.core.scraper] DEBUG: Scraped from <200 https://www.imdb.com/title/tt0060196/?ref_=chttp_t_10>
{'Movie name': 'The Good, the Bad and the Ugly', 'Release date': '1966', 'Director': 'Sergio Leone', 'casts': ['Luciano Vincenzoni', 'Sergio Leone', 'Agenore Incrocci', 'Eli Wallach', 'Lee Van Cleef', 'Clint Eastwood']}
2024-05-16 17:26:40 [scrapy.core.scraper] DEBUG: Scraped from <200 https://www.imdb.com/title/tt0120737/?ref_=chttp_t_9>
{'Movie name': 'The Lord of the Rings: The Fellowship of the Ring', 'Release date': '2001', 'Director': 'Peter Jackson', 'casts': ['Orlando Bloom', 'Fran Walsh', 'J.R.R. Tolkien', 'Philippa Boyens', 'Ian McKellen', 'Elijah Wood']}
2024-05-16 17:26:41 [scrapy.extensions.logstats] INFO: Crawled 45 pages (at 45 pages/min), scraped 43 items (at 43 items/min)
2024-05-16 17:26:43 [scrapy.core.engine] DEBUG: Crawled (200) <GET https://www.imdb.com/title/tt0167260/?ref_=chttp_t_7> (referer: https://www.imdb.com/chart/top/)
2024-05-16 17:26:43 [scrapy.core.scraper] DEBUG: Scraped from <200 https://www.imdb.com/title/tt0167260/?ref_=chttp_t_7>
{'Movie name': 'The Lord of the Rings: The Return of the King', 'Release date': '2003', 'Director': 'Peter Jackson', 'casts': ['Fran Walsh', 'J.R.R. Tolkien', 'Philippa Boyens', 'Viggo Mortensen', 'Ian McKellen', 'Elijah Wood']}
2024-05-16 17:26:43 [scrapy.core.engine] DEBUG: Crawled (200) <GET https://www.imdb.com/title/tt0110912/?ref_=chttp_t_8> (referer: https://www.imdb.com/chart/top/)
2024-05-16 17:26:43 [scrapy.core.scraper] DEBUG: Scraped from <200 https://www.imdb.com/title/tt0110912/?ref_=chttp_t_8>
{'Movie name': 'Pulp Fiction', 'Release date': '1994', 'Director': 'Quentin Tarantino', 'casts': ['Roger Avary', 'Uma Thurman', 'Samuel L. Jackson', 'Quentin Tarantino', 'John Travolta']}
2024-05-16 17:26:47 [scrapy.core.engine] DEBUG: Crawled (200) <GET https://www.imdb.com/title/tt0108052/?ref_=chttp_t_6> (referer: https://www.imdb.com/chart/top/)
2024-05-16 17:26:47 [scrapy.core.scraper] DEBUG: Scraped from <200 https://www.imdb.com/title/tt0108052/?ref_=chttp_t_6>
{'Movie name': "Schindler's List", 'Release date': '1993', 'Director': 'Steven Spielberg', 'casts': ['Ralph Fiennes', 'Liam Neeson', 'Ben Kingsley']}
2024-05-16 17:26:48 [scrapy.core.engine] DEBUG: Crawled (200) <GET https://www.imdb.com/title/tt0050083/?ref_=chttp_t_5> (referer: https://www.imdb.com/chart/top/)
2024-05-16 17:26:48 [scrapy.core.scraper] DEBUG: Scraped from <200 https://www.imdb.com/title/tt0050083/?ref_=chttp_t_5>
{'Movie name': '12 Angry Men', 'Release date': '1957', 'Director': 'Sidney Lumet', 'casts': ['Martin Balsam', 'Henry Fonda', 'Lee J. Cobb', 'Reginald Rose']}
2024-05-16 17:26:49 [scrapy.core.engine] DEBUG: Crawled (200) <GET https://www.imdb.com/title/tt0071562/?ref_=chttp_t_4> (referer: https://www.imdb.com/chart/top/)
2024-05-16 17:26:49 [scrapy.core.scraper] DEBUG: Scraped from <200 https://www.imdb.com/title/tt0071562/?ref_=chttp_t_4>
{'Movie name': 'The Godfather Part II', 'Release date': '1974', 'Director': 'Francis Ford Coppola', 'casts': ['Al Pacino', 'Robert De Niro', 'Francis Ford Coppola', 'Mario Puzo', 'Robert Duvall']}
2024-05-16 17:26:51 [scrapy.core.engine] DEBUG: Crawled (200) <GET https://www.imdb.com/title/tt0068646/?ref_=chttp_t_2> (referer: https://www.imdb.com/chart/top/)
2024-05-16 17:26:51 [scrapy.core.engine] DEBUG: Crawled (200) <GET https://www.imdb.com/title/tt0468569/?ref_=chttp_t_3> (referer: https://www.imdb.com/chart/top/)
2024-05-16 17:26:51 [scrapy.core.scraper] DEBUG: Scraped from <200 https://www.imdb.com/title/tt0068646/?ref_=chttp_t_2>
{'Movie name': 'The Godfather', 'Release date': '1972', 'Director': 'Francis Ford Coppola', 'casts': ['Al Pacino', 'Marlon Brando', 'Mario Puzo', 'Francis Ford Coppola', 'James Caan']}
2024-05-16 17:26:51 [scrapy.core.scraper] DEBUG: Scraped from <200 https://www.imdb.com/title/tt0468569/?ref_=chttp_t_3>
{'Movie name': 'The Dark Knight', 'Release date': '2008', 'Director': 'Christopher Nolan', 'casts': ['Christian Bale', 'Aaron Eckhart', 'Heath Ledger', 'Jonathan Nolan', 'David S. Goyer', 'Christopher Nolan']}
2024-05-16 17:26:51 [scrapy.core.engine] INFO: Closing spider (finished)
2024-05-16 17:26:51 [scrapy.extensions.feedexport] INFO: Stored json feed (50 items) in: output.json
2024-05-16 17:26:51 [scrapy.statscollectors] INFO: Dumping Scrapy stats:
{'downloader/request_bytes': 38153,
 'downloader/request_count': 52,
 'downloader/request_method_count/GET': 52,
 'downloader/response_bytes': 12071041,
 'downloader/response_count': 52,
 'downloader/response_status_count/200': 52,
 'elapsed_time_seconds': 69.906747,
 'feedexport/success_count/FileFeedStorage': 1,
 'finish_reason': 'finished',
 'finish_time': datetime.datetime(2024, 5, 16, 11, 26, 51, 271350, tzinfo=datetime.timezone.utc),
 'httpcompression/response_bytes': 63320347,
 'httpcompression/response_count': 51,
 'item_scraped_count': 50,
 'log_count/DEBUG': 105,
 'log_count/INFO': 12,
 'memusage/max': 222662656,
 'memusage/startup': 62820352,
 'request_depth_max': 1,
 'response_received_count': 52,
 'robotstxt/request_count': 1,
 'robotstxt/response_count': 1,
 'robotstxt/response_status_count/200': 1,
 'scheduler/dequeued': 51,
 'scheduler/dequeued/memory': 51,
 'scheduler/enqueued': 51,
 'scheduler/enqueued/memory': 51,
 'start_time': datetime.datetime(2024, 5, 16, 11, 25, 41, 364603, tzinfo=datetime.timezone.utc)}
2024-05-16 17:26:51 [scrapy.core.engine] INFO: Spider closed (finished)
